  stdafx.cpp
  plugin-main.cpp
  USFUNC.cpp
C:\ProgramData\Insat\Multi-Protocol SDK MasterOPC Server\SERVERDEVELOP\mpspluginshareclasses\plugin-main.cpp(51,1): fatal error C1010: unexpected end of file while looking for precompiled header. Did you forget to add '#include "stdafx.h"' to your source?
  uslist.cpp
C:\ProgramData\Insat\Multi-Protocol SDK MasterOPC Server\SERVERDEVELOP\mpspluginshareclasses\USFUNC.cpp(256,1): fatal error C1010: unexpected end of file while looking for precompiled header. Did you forget to add '#include "stdafx.h"' to your source?
  usstr.cpp
C:\ProgramData\Insat\Multi-Protocol SDK MasterOPC Server\SERVERDEVELOP\mpspluginshareclasses\uslist.cpp(144,1): fatal error C1010: unexpected end of file while looking for precompiled header. Did you forget to add '#include "stdafx.h"' to your source?
  USSTRL.CPP
C:\ProgramData\Insat\Multi-Protocol SDK MasterOPC Server\SERVERDEVELOP\mpspluginshareclasses\usstr.cpp(198,1): fatal error C1010: unexpected end of file while looking for precompiled header. Did you forget to add '#include "stdafx.h"' to your source?
  plugin-close.cpp
C:\ProgramData\Insat\Multi-Protocol SDK MasterOPC Server\SERVERDEVELOP\mpspluginshareclasses\USSTRL.CPP(109,1): fatal error C1010: unexpected end of file while looking for precompiled header. Did you forget to add '#include "stdafx.h"' to your source?
  plugin-common.cpp
C:\ProgramData\Insat\Multi-Protocol SDK MasterOPC Server\SERVERDEVELOP\mpsplugin-simulator\mpsplugin\plugin-close.cpp(34,1): fatal error C1010: unexpected end of file while looking for precompiled header. Did you forget to add '#include "stdafx.h"' to your source?
  plugin-create.cpp
C:\ProgramData\Insat\Multi-Protocol SDK MasterOPC Server\SERVERDEVELOP\mpsplugin-simulator\mpsplugin\plugin-common.cpp(143,1): fatal error C1010: unexpected end of file while looking for precompiled header. Did you forget to add '#include "stdafx.h"' to your source?
  plugin-init.cpp
C:\ProgramData\Insat\Multi-Protocol SDK MasterOPC Server\SERVERDEVELOP\mpsplugin-simulator\mpsplugin\plugin-create.cpp(21,1): fatal error C1010: unexpected end of file while looking for precompiled header. Did you forget to add '#include "stdafx.h"' to your source?
  plugin-read.cpp
C:\ProgramData\Insat\Multi-Protocol SDK MasterOPC Server\SERVERDEVELOP\mpsplugin-simulator\mpsplugin\plugin-init.cpp(66,1): fatal error C1010: unexpected end of file while looking for precompiled header. Did you forget to add '#include "stdafx.h"' to your source?
  plugin-slaveprocessing.cpp
C:\ProgramData\Insat\Multi-Protocol SDK MasterOPC Server\SERVERDEVELOP\mpsplugin-simulator\mpsplugin\plugin-read.cpp(64,1): fatal error C1010: unexpected end of file while looking for precompiled header. Did you forget to add '#include "stdafx.h"' to your source?
  plugin-write.cpp
C:\ProgramData\Insat\Multi-Protocol SDK MasterOPC Server\SERVERDEVELOP\mpsplugin-simulator\mpsplugin\plugin-slaveprocessing.cpp(14,1): fatal error C1010: unexpected end of file while looking for precompiled header. Did you forget to add '#include "stdafx.h"' to your source?
C:\ProgramData\Insat\Multi-Protocol SDK MasterOPC Server\SERVERDEVELOP\mpsplugin-simulator\mpsplugin\plugin-write.cpp(111,1): fatal error C1010: unexpected end of file while looking for precompiled header. Did you forget to add '#include "stdafx.h"' to your source?
